<?xml version="1.0" encoding="UTF-8"?>
<testsuite name="com.quantitymeasurement.QuantityMeasurementTest" tests="1" skipped="0" failures="0" errors="0" timestamp="2020-05-21T22:11:50" hostname="DESKTOP-196HMRI" time="0.006">
  <properties/>
  <testcase name="givenFeet_WhenNull_ReturnsFalse" classname="com.quantitymeasurement.QuantityMeasurementTest" time="0.006"/>
  <system-out><![CDATA[]]></system-out>
  <system-err><![CDATA[]]></system-err>
</testsuite>
