<?xml version="1.0" encoding="UTF-8"?>
<testsuite name="com.quantitymeasurement.QuantityMeasurementTest" tests="16" skipped="0" failures="0" errors="0" timestamp="2020-05-21T22:47:40" hostname="DESKTOP-196HMRI" time="0.042">
  <properties/>
  <testcase name="givenFeet_WhenNegativeValue_ThrowsException" classname="com.quantitymeasurement.QuantityMeasurementTest" time="0.005"/>
  <testcase name="givenOneInch_AndOneFeet_WhenCompared_ReturnsFalse" classname="com.quantitymeasurement.QuantityMeasurementTest" time="0.0"/>
  <testcase name="givenInch_WhenReferingToSame_ReturnsTrue" classname="com.quantitymeasurement.QuantityMeasurementTest" time="0.0"/>
  <testcase name="givenFeet_WhenReferingToSame_ReturnsTrue" classname="com.quantitymeasurement.QuantityMeasurementTest" time="0.0"/>
  <testcase name="givenFeet_WhenValueIsEqual_ShouldReturnTrue" classname="com.quantitymeasurement.QuantityMeasurementTest" time="0.0"/>
  <testcase name="givenOneFeet_AndTwelveInch_WhenCompared_ReturnsTrue" classname="com.quantitymeasurement.QuantityMeasurementTest" time="0.0"/>
  <testcase name="givenFeet_WhenNull_ReturnsFalse" classname="com.quantitymeasurement.QuantityMeasurementTest" time="0.0"/>
  <testcase name="givenFeet_WhenValueIsNotEqual_ShouldReturnFalse" classname="com.quantitymeasurement.QuantityMeasurementTest" time="0.001"/>
  <testcase name="givenOneFeet_AndOneInch_WhenCompared_ReturnsFalse" classname="com.quantitymeasurement.QuantityMeasurementTest" time="0.0"/>
  <testcase name="givenTwelveInch_AndOneFeet_WhenCompared_ReturnsTrue" classname="com.quantitymeasurement.QuantityMeasurementTest" time="0.0"/>
  <testcase name="givenInch_WhenNull_ReturnsFalse" classname="com.quantitymeasurement.QuantityMeasurementTest" time="0.0"/>
  <testcase name="givenZeroInch_AndZeroFeet_WhenCompared_ReturnsTrue" classname="com.quantitymeasurement.QuantityMeasurementTest" time="0.0"/>
  <testcase name="givenInch_WhenTypeEqual_ReturnsTrue" classname="com.quantitymeasurement.QuantityMeasurementTest" time="0.016"/>
  <testcase name="givenFeet_WhenTypeEqual_ReturnsTrue" classname="com.quantitymeasurement.QuantityMeasurementTest" time="0.001"/>
  <testcase name="givenInches_WhenValuesAreEqual_ReturnsTrue" classname="com.quantitymeasurement.QuantityMeasurementTest" time="0.001"/>
  <testcase name="givenFeet_WhenEqual_ReturnsTrue" classname="com.quantitymeasurement.QuantityMeasurementTest" time="0.001"/>
  <system-out><![CDATA[]]></system-out>
  <system-err><![CDATA[]]></system-err>
</testsuite>
